  MSAR Base Information

  MSAR\2D_4.MSAR
  07.04.2024 15:56:57

     4	 Level of MNA Descriptors 
321727	 Substances 
  3549	 Descriptors 
     9	 Activity Types 
     8	 Selected Activity Types 
0,8393	 Average IAP

 MSAR Base Validation

  No	 Number	 IAP	 Activity Type
    1	  52264	 0,8169	 -
    2	 112868	 0,8141	 E
    3	  10567	 0,8189	 G
    4	 134318	 0,8472	 H
    5	   4397	 0,7851	 I
    6	   5425	 0,8985	 P
    7	   8160	 0,8757	 S
    8	  13322	 0,8583	 T

Not Predictable Activity Types

  No	 Activity Type
    1	 B
