  MSAR Base Information

  MSAR\2D_5.MSAR
  07.04.2024 16:15:30

     5	 Level of MNA Descriptors 
323218	 Substances 
 20342	 Descriptors 
     9	 Activity Types 
     8	 Selected Activity Types 
0,8568	 Average IAP

 MSAR Base Validation

  No	 Number	 IAP	 Activity Type
    1	  52437	 0,8357	 -
    2	 113129	 0,8370	 E
    3	  10594	 0,8377	 G
    4	 134819	 0,8706	 H
    5	   4409	 0,8033	 I
    6	   5433	 0,9063	 P
    7	   8167	 0,8896	 S
    8	  13349	 0,8738	 T

Not Predictable Activity Types

  No	 Activity Type
    1	 B
