  MSAR Base Information

  MSAR\2D_9.MSAR
  07.04.2024 18:26:06

     9	 Level of MNA Descriptors 
323355	 Substances 
7247535	 Descriptors 
     9	 Activity Types 
     8	 Selected Activity Types 
0,9023	 Average IAP

 MSAR Base Validation

  No	 Number	 IAP	 Activity Type
    1	  52466	 0,8880	 -
    2	 113175	 0,8999	 E
    3	  10595	 0,8839	 G
    4	 134847	 0,9246	 H
    5	   4410	 0,8759	 I
    6	   5436	 0,9271	 P
    7	   8167	 0,9138	 S
    8	  13349	 0,9050	 T

Not Predictable Activity Types

  No	 Activity Type
    1	 B
